mode: set
github.com/jdotcurs/go-url-shortener/internal/handler/handler.go:23.58,28.2 1 1
github.com/jdotcurs/go-url-shortener/internal/handler/handler.go:31.70,32.33 1 1
github.com/jdotcurs/go-url-shortener/internal/handler/handler.go:32.33,35.3 2 1
github.com/jdotcurs/go-url-shortener/internal/handler/handler.go:37.2,41.61 2 1
github.com/jdotcurs/go-url-shortener/internal/handler/handler.go:41.61,44.3 2 1
github.com/jdotcurs/go-url-shortener/internal/handler/handler.go:46.2,49.60 3 1
github.com/jdotcurs/go-url-shortener/internal/handler/handler.go:49.60,52.3 2 1
github.com/jdotcurs/go-url-shortener/internal/handler/handler.go:54.2,61.33 3 1
github.com/jdotcurs/go-url-shortener/internal/handler/handler.go:65.71,69.13 3 1
github.com/jdotcurs/go-url-shortener/internal/handler/handler.go:69.13,72.3 2 1
github.com/jdotcurs/go-url-shortener/internal/handler/handler.go:74.2,74.59 1 1
github.com/jdotcurs/go-url-shortener/internal/shortener/shortener.go:10.37,13.2 2 1
github.com/jdotcurs/go-url-shortener/internal/shortener/shortener.go:16.55,18.2 1 1
github.com/jdotcurs/go-url-shortener/cmd/urlshortener/main.go:13.57,14.54 1 1
github.com/jdotcurs/go-url-shortener/cmd/urlshortener/main.go:14.54,19.28 4 1
github.com/jdotcurs/go-url-shortener/cmd/urlshortener/main.go:19.28,22.4 2 1
github.com/jdotcurs/go-url-shortener/cmd/urlshortener/main.go:24.3,24.23 1 1
github.com/jdotcurs/go-url-shortener/cmd/urlshortener/main.go:28.13,42.2 10 1
github.com/jdotcurs/go-url-shortener/internal/store/store.go:15.30,20.2 1 1
github.com/jdotcurs/go-url-shortener/internal/store/store.go:23.57,30.2 5 1
github.com/jdotcurs/go-url-shortener/internal/store/store.go:33.56,39.2 4 1
github.com/jdotcurs/go-url-shortener/internal/store/store.go:42.63,48.2 4 1
